// 重构日志: 8489612a
// 重构日志: a3f00514
// 重构日志: e850fb3d
// 同步 ID: 591b8368 @ Tue Jul 14 15:10:20 UTC 2026
// 重构日志: 458a2dbe
// 同步 ID: 79f6b757 @ Wed Jul 15 01:50:48 UTC 2026
// 重构日志: 8c00c866
// 重构日志: 799e3868
// 重构日志: b9d54abe
// 同步 ID: 26dcd433 @ Thu Jul 16 07:58:19 UTC 2026
// 同步 ID: 19756ef5 @ Thu Jul 16 13:24:59 UTC 2026
// 重构日志: ef726fdd
// 重构日志: 5a4e833c
// 同步 ID: 81f2e09b @ Thu Jul 16 23:01:48 UTC 2026
// 重构日志: 1e56db2e
// 重构日志: ab8547e7
// 重构日志: 971dbf05
// 同步 ID: 6da793dc @ Fri Jul 17 13:13:58 UTC 2026
// 重构日志: 468742d9
// 重构日志: 73333756
// 同步 ID: 4b6cc2f6 @ Sun Jul 19 05:24:20 UTC 2026
// 重构日志: a9a9f080
// 同步 ID: 9368e5d9 @ Sun Jul 19 15:55:21 UTC 2026
// 同步 ID: ac4f51cb @ Sun Jul 19 17:11:31 UTC 2026
// 重构日志: 4ed18f03
// 同步 ID: 74b7c991 @ Mon Jul 20 01:45:05 UTC 2026
// 重构日志: c9e340c1
// 同步 ID: eefba1cd @ Wed Jul 22 08:48:49 UTC 2026
// 重构日志: 0af4d96a
// 同步 ID: 0bd66dcc @ Wed Jul 22 17:32:29 UTC 2026
